2020-08-28 08:18:44,339 INFO o.a.j.u.JMeterUtils: Setting Locale to en_EN
2020-08-28 08:18:44,383 INFO o.a.j.JMeter: Loading user properties from: user.properties
2020-08-28 08:18:44,383 INFO o.a.j.JMeter: Loading system properties from: system.properties
2020-08-28 08:18:44,385 INFO o.a.j.JMeter: Copyright (c) 1998-2020 The Apache Software Foundation
2020-08-28 08:18:44,385 INFO o.a.j.JMeter: Version 5.3
2020-08-28 08:18:44,385 INFO o.a.j.JMeter: java.version=1.8.0_251
2020-08-28 08:18:44,385 INFO o.a.j.JMeter: java.vm.name=Java HotSpot(TM) 64-Bit Server VM
2020-08-28 08:18:44,385 INFO o.a.j.JMeter: os.name=Mac OS X
2020-08-28 08:18:44,385 INFO o.a.j.JMeter: os.arch=x86_64
2020-08-28 08:18:44,385 INFO o.a.j.JMeter: os.version=10.15.6
2020-08-28 08:18:44,386 INFO o.a.j.JMeter: file.encoding=UTF-8
2020-08-28 08:18:44,386 INFO o.a.j.JMeter: java.awt.headless=null
2020-08-28 08:18:44,386 INFO o.a.j.JMeter: Max memory     =1073741824
2020-08-28 08:18:44,386 INFO o.a.j.JMeter: Available Processors =12
2020-08-28 08:18:44,390 INFO o.a.j.JMeter: Default Locale=English (EN)
2020-08-28 08:18:44,390 INFO o.a.j.JMeter: JMeter  Locale=English (EN)
2020-08-28 08:18:44,390 INFO o.a.j.JMeter: JMeterHome=/Users/noviantonugroho/Documents/xapiens/lintas/performance
2020-08-28 08:18:44,390 INFO o.a.j.JMeter: user.dir  =/Users/noviantonugroho/Documents/xapiens/lintas/performance/bin
2020-08-28 08:18:44,390 INFO o.a.j.JMeter: PWD       =/Users/noviantonugroho/Documents/xapiens/lintas/performance/bin
2020-08-28 08:18:49,399 INFO o.a.j.JMeter: IP: 192.168.100.4 Name: XTIJKTN2000105s-MacBook-Pro.local FullName: 192.168.100.4
2020-08-28 08:18:49,837 INFO o.a.j.JMeter: Setting LAF to: com.github.weisj.darklaf.DarkLaf:com.github.weisj.darklaf.theme.DarculaTheme
2020-08-28 08:18:50,896 INFO o.a.j.JMeter: Loaded icon properties from org/apache/jmeter/images/icon.properties
2020-08-28 08:18:56,957 INFO o.j.r.JARSourceHTTP: Requesting https://jmeter-plugins.org/repo/?installID=mac_os_x-18cc7a6f8c27a60185ac70d274e75b11-gui
2020-08-28 08:18:59,048 INFO o.j.r.PluginManager: Plugins Status: [jpgc-plugins-manager=1.4, jpgc-webdriver=3.3, jmeter-core=5.3, jmeter-ftp=5.3, jmeter-http=5.3, jmeter-jdbc=5.3, jmeter-jms=5.3, jmeter-junit=5.3, jmeter-java=5.3, jmeter-ldap=5.3, jmeter-mail=5.3, jmeter-mongodb=5.3, jmeter-native=5.3, jmeter-tcp=5.3, jmeter-components=5.3]
2020-08-28 08:19:35,236 INFO o.a.j.s.FileServer: Default base='/Users/noviantonugroho/Documents/xapiens/lintas/performance/bin'
2020-08-28 08:19:35,241 INFO o.a.j.g.a.Load: Loading file: /Users/noviantonugroho/Documents/xapiens/fms/performance/bin/fms/fms.jmx
2020-08-28 08:19:35,241 INFO o.a.j.s.FileServer: Set new base='/Users/noviantonugroho/Documents/xapiens/fms/performance/bin/fms'
2020-08-28 08:19:35,358 INFO o.a.j.s.SaveService: Testplan (JMX) version: 2.2. Testlog (JTL) version: 2.2
2020-08-28 08:19:35,367 INFO o.a.j.s.SaveService: Using SaveService properties file encoding UTF-8
2020-08-28 08:19:35,368 INFO o.a.j.s.SaveService: Using SaveService properties version 5.0
2020-08-28 08:19:35,370 INFO o.a.j.s.SaveService: Loading file: /Users/noviantonugroho/Documents/xapiens/fms/performance/bin/fms/fms.jmx
2020-08-28 08:19:35,516 INFO o.a.j.p.h.s.HTTPSamplerBase: Parser for text/html is org.apache.jmeter.protocol.http.parser.LagartoBasedHtmlParser
2020-08-28 08:19:35,516 INFO o.a.j.p.h.s.HTTPSamplerBase: Parser for application/xhtml+xml is org.apache.jmeter.protocol.http.parser.LagartoBasedHtmlParser
2020-08-28 08:19:35,516 INFO o.a.j.p.h.s.HTTPSamplerBase: Parser for application/xml is org.apache.jmeter.protocol.http.parser.LagartoBasedHtmlParser
2020-08-28 08:19:35,516 INFO o.a.j.p.h.s.HTTPSamplerBase: Parser for text/xml is org.apache.jmeter.protocol.http.parser.LagartoBasedHtmlParser
2020-08-28 08:19:35,516 INFO o.a.j.p.h.s.HTTPSamplerBase: Parser for text/vnd.wap.wml is org.apache.jmeter.protocol.http.parser.RegexpHTMLParser
2020-08-28 08:19:35,516 INFO o.a.j.p.h.s.HTTPSamplerBase: Parser for text/css is org.apache.jmeter.protocol.http.parser.CssParser
2020-08-28 08:19:35,540 INFO o.a.j.s.SampleResult: Note: Sample TimeStamps are START times
2020-08-28 08:19:35,540 INFO o.a.j.s.SampleResult: sampleresult.default.encoding is set to ISO-8859-1
2020-08-28 08:19:35,540 INFO o.a.j.s.SampleResult: sampleresult.useNanoTime=true
2020-08-28 08:19:35,540 INFO o.a.j.s.SampleResult: sampleresult.nanoThreadSleep=5000
2020-08-28 08:19:35,991 INFO o.a.j.s.FileServer: Set new base='/Users/noviantonugroho/Documents/xapiens/fms/performance/bin/fms'
2020-08-28 08:24:59,378 INFO o.a.j.e.StandardJMeterEngine: Running the test!
2020-08-28 08:24:59,380 INFO o.a.j.s.SampleEvent: List of sample_variables: []
2020-08-28 08:24:59,380 INFO o.a.j.s.SampleEvent: List of sample_variables: []
2020-08-28 08:24:59,381 INFO o.a.j.e.u.CompoundVariable: Note: Function class names must contain the string: '.functions.'
2020-08-28 08:24:59,381 INFO o.a.j.e.u.CompoundVariable: Note: Function class names must not contain the string: '.gui.'
2020-08-28 08:24:59,683 INFO o.a.j.g.u.JMeterMenuBar: setRunning(true, *local*)
2020-08-28 08:24:59,789 INFO o.a.j.e.StandardJMeterEngine: Starting ThreadGroup: 1 : FMS
2020-08-28 08:24:59,789 INFO o.a.j.e.StandardJMeterEngine: Starting 1 threads for group FMS.
2020-08-28 08:24:59,789 INFO o.a.j.e.StandardJMeterEngine: Thread will continue on error
2020-08-28 08:24:59,789 INFO o.a.j.t.ThreadGroup: Starting thread group... number=1 threads=1 ramp-up=1 delayedStart=false
2020-08-28 08:24:59,794 INFO o.a.j.t.ThreadGroup: Started thread group number 1
2020-08-28 08:24:59,795 INFO o.a.j.e.StandardJMeterEngine: All thread groups have been started
2020-08-28 08:24:59,798 INFO o.a.j.t.JMeterThread: Thread started: FMS 1-1
2020-08-28 08:25:00,119 ERROR o.a.j.t.JMeterThread: Error calling threadStarted
org.openqa.selenium.remote.UnreachableBrowserException: Could not start a new session. Possible causes are invalid address of the remote server or browser start-up failure.
Build info: version: '3.14.0', revision: 'aacccce0', time: '2018-08-02T20:19:58.91Z'
System info: host: 'XTIJKTN2000105s-MacBook-Pro.local', ip: 'fe80:0:0:0:8a0:a42d:89e:512b%en0', os.name: 'Mac OS X', os.arch: 'x86_64', os.version: '10.15.6', java.version: '1.8.0_251'
Driver info: driver.version: RemoteWebDriver
	at org.openqa.selenium.remote.RemoteWebDriver.execute(RemoteWebDriver.java:569) ~[selenium-remote-driver-3.14.0.jar:?]
	at org.openqa.selenium.remote.RemoteWebDriver.startSession(RemoteWebDriver.java:212) ~[selenium-remote-driver-3.14.0.jar:?]
	at org.openqa.selenium.remote.RemoteWebDriver.<init>(RemoteWebDriver.java:130) ~[selenium-remote-driver-3.14.0.jar:?]
	at org.openqa.selenium.remote.RemoteWebDriver.<init>(RemoteWebDriver.java:143) ~[selenium-remote-driver-3.14.0.jar:?]
	at com.googlecode.jmeter.plugins.webdriver.config.RemoteDriverConfig.createBrowser(RemoteDriverConfig.java:31) ~[jmeter-plugins-webdriver-3.3.jar:?]
	at com.googlecode.jmeter.plugins.webdriver.config.RemoteDriverConfig.createBrowser(RemoteDriverConfig.java:12) ~[jmeter-plugins-webdriver-3.3.jar:?]
	at com.googlecode.jmeter.plugins.webdriver.config.WebDriverConfig.getPreparedBrowser(WebDriverConfig.java:234) ~[jmeter-plugins-webdriver-3.3.jar:?]
	at com.googlecode.jmeter.plugins.webdriver.config.WebDriverConfig.threadStarted(WebDriverConfig.java:221) ~[jmeter-plugins-webdriver-3.3.jar:?]
	at org.apache.jmeter.threads.JMeterThread$ThreadListenerTraverser.addNode(JMeterThread.java:769) [ApacheJMeter_core.jar:5.3]
	at org.apache.jorphan.collections.HashTree.traverseInto(HashTree.java:993) [jorphan.jar:5.3]
	at org.apache.jorphan.collections.HashTree.traverse(HashTree.java:976) [jorphan.jar:5.3]
	at org.apache.jmeter.threads.JMeterThread.threadStarted(JMeterThread.java:737) [ApacheJMeter_core.jar:5.3]
	at org.apache.jmeter.threads.JMeterThread.initRun(JMeterThread.java:725) [ApacheJMeter_core.jar:5.3]
	at org.apache.jmeter.threads.JMeterThread.run(JMeterThread.java:252) [ApacheJMeter_core.jar:5.3]
	at java.lang.Thread.run(Thread.java:748) [?:1.8.0_251]
Caused by: java.net.UnknownHostException: selenium: nodename nor servname provided, or not known
	at java.net.Inet6AddressImpl.lookupAllHostAddr(Native Method) ~[?:1.8.0_251]
	at java.net.InetAddress$2.lookupAllHostAddr(InetAddress.java:929) ~[?:1.8.0_251]
	at java.net.InetAddress.getAddressesFromNameService(InetAddress.java:1324) ~[?:1.8.0_251]
	at java.net.InetAddress.getAllByName0(InetAddress.java:1277) ~[?:1.8.0_251]
	at java.net.InetAddress.getAllByName(InetAddress.java:1193) ~[?:1.8.0_251]
	at java.net.InetAddress.getAllByName(InetAddress.java:1127) ~[?:1.8.0_251]
	at okhttp3.Dns$1.lookup(Dns.java:40) ~[okhttp-3.10.0.jar:?]
	at okhttp3.internal.connection.RouteSelector.resetNextInetSocketAddress(RouteSelector.java:185) ~[okhttp-3.10.0.jar:?]
	at okhttp3.internal.connection.RouteSelector.nextProxy(RouteSelector.java:149) ~[okhttp-3.10.0.jar:?]
	at okhttp3.internal.connection.RouteSelector.next(RouteSelector.java:84) ~[okhttp-3.10.0.jar:?]
	at okhttp3.internal.connection.StreamAllocation.findConnection(StreamAllocation.java:214) ~[okhttp-3.10.0.jar:?]
	at okhttp3.internal.connection.StreamAllocation.findHealthyConnection(StreamAllocation.java:135) ~[okhttp-3.10.0.jar:?]
	at okhttp3.internal.connection.StreamAllocation.newStream(StreamAllocation.java:114) ~[okhttp-3.10.0.jar:?]
	at okhttp3.internal.connection.ConnectInterceptor.intercept(ConnectInterceptor.java:42) ~[okhttp-3.10.0.jar:?]
	at okhttp3.internal.http.RealInterceptorChain.proceed(RealInterceptorChain.java:147) ~[okhttp-3.10.0.jar:?]
	at okhttp3.internal.http.RealInterceptorChain.proceed(RealInterceptorChain.java:121) ~[okhttp-3.10.0.jar:?]
	at okhttp3.internal.cache.CacheInterceptor.intercept(CacheInterceptor.java:93) ~[okhttp-3.10.0.jar:?]
	at okhttp3.internal.http.RealInterceptorChain.proceed(RealInterceptorChain.java:147) ~[okhttp-3.10.0.jar:?]
	at okhttp3.internal.http.RealInterceptorChain.proceed(RealInterceptorChain.java:121) ~[okhttp-3.10.0.jar:?]
	at okhttp3.internal.http.BridgeInterceptor.intercept(BridgeInterceptor.java:93) ~[okhttp-3.10.0.jar:?]
	at okhttp3.internal.http.RealInterceptorChain.proceed(RealInterceptorChain.java:147) ~[okhttp-3.10.0.jar:?]
	at okhttp3.internal.http.RetryAndFollowUpInterceptor.intercept(RetryAndFollowUpInterceptor.java:126) ~[okhttp-3.10.0.jar:?]
	at okhttp3.internal.http.RealInterceptorChain.proceed(RealInterceptorChain.java:147) ~[okhttp-3.10.0.jar:?]
	at okhttp3.internal.http.RealInterceptorChain.proceed(RealInterceptorChain.java:121) ~[okhttp-3.10.0.jar:?]
	at okhttp3.RealCall.getResponseWithInterceptorChain(RealCall.java:200) ~[okhttp-3.10.0.jar:?]
	at okhttp3.RealCall.execute(RealCall.java:77) ~[okhttp-3.10.0.jar:?]
	at org.openqa.selenium.remote.internal.OkHttpClient.execute(OkHttpClient.java:105) ~[selenium-remote-driver-3.14.0.jar:?]
	at org.openqa.selenium.remote.ProtocolHandshake.createSession(ProtocolHandshake.java:101) ~[selenium-remote-driver-3.14.0.jar:?]
	at org.openqa.selenium.remote.ProtocolHandshake.createSession(ProtocolHandshake.java:73) ~[selenium-remote-driver-3.14.0.jar:?]
	at org.openqa.selenium.remote.HttpCommandExecutor.execute(HttpCommandExecutor.java:136) ~[selenium-remote-driver-3.14.0.jar:?]
	at org.openqa.selenium.remote.RemoteWebDriver.execute(RemoteWebDriver.java:548) ~[selenium-remote-driver-3.14.0.jar:?]
	... 14 more
2020-08-28 08:25:00,133 INFO o.a.j.p.h.s.HTTPHCAbstractImpl: Local host = XTIJKTN2000105s-MacBook-Pro.local
2020-08-28 08:25:00,139 INFO o.a.j.p.h.s.HTTPHC4Impl: HTTP request retry count = 0
2020-08-28 08:25:00,212 INFO o.a.j.p.h.s.h.LazyLayeredConnectionSocketFactory: Setting up HTTPS TrustAll Socket Factory
2020-08-28 08:25:00,214 INFO o.a.j.u.JsseSSLManager: Using default SSL protocol: TLS
2020-08-28 08:25:00,214 INFO o.a.j.u.JsseSSLManager: SSL session context: per-thread
2020-08-28 08:25:00,222 INFO o.a.j.u.SSLManager: JmeterKeyStore Location:  type JKS
2020-08-28 08:25:00,222 INFO o.a.j.u.SSLManager: KeyStore created OK
2020-08-28 08:25:00,222 WARN o.a.j.u.SSLManager: Keystore file not found, loading empty keystore
2020-08-28 08:25:00,619 INFO o.a.j.t.JMeterThread: Thread is done: FMS 1-1
2020-08-28 08:25:00,619 INFO o.a.j.t.JMeterThread: Thread finished: FMS 1-1
2020-08-28 08:25:00,620 INFO o.a.j.e.StandardJMeterEngine: Notifying test listeners of end of test
2020-08-28 08:25:00,622 INFO o.a.j.g.u.JMeterMenuBar: setRunning(false, *local*)
